<?xml version="1.0" encoding="UTF-8"?>
<!-- Generated by org.testng.reporters.JUnitXMLReporter -->
<testsuite hostname="Swapnil" ignored="5" name="Default test" tests="1" failures="0" timestamp="20 Nov 2020 15:55:19 GMT" time="68.14" errors="0">
  <testcase name="addToCartProduct" time="48.623" classname="com.qa.flipkart.FlipkartAuto"/>
  <testcase name="selectPricedropdown" time="0.0" classname="com.qa.flipkart.FlipkartAuto">
    <ignored/>
  </testcase> <!-- selectPricedropdown -->
  <testcase name="ProductSearch" time="0.0" classname="com.qa.flipkart.FlipkartAuto">
    <ignored/>
  </testcase> <!-- ProductSearch -->
  <testcase name="SelectProductCheckbox" time="0.0" classname="com.qa.flipkart.FlipkartAuto">
    <ignored/>
  </testcase> <!-- SelectProductCheckbox -->
  <testcase name="MouseHover" time="0.0" classname="com.qa.flipkart.FlipkartAuto">
    <ignored/>
  </testcase> <!-- MouseHover -->
  <testcase name="FilterValurRange" time="0.0" classname="com.qa.flipkart.FlipkartAuto">
    <ignored/>
  </testcase> <!-- FilterValurRange -->
</testsuite> <!-- Default test -->
