<?xml version="1.0" encoding="UTF-8"?>
<!-- Generated by org.testng.reporters.JUnitXMLReporter -->
<testsuite hostname="Swapnil" ignored="0" name="Test" tests="3" failures="0" timestamp="19 Nov 2020 04:24:05 GMT" time="166.319" errors="0">
  <testcase name="testCase1" time="10.456" classname="com.qa.flipkart.FlipkartAuto"/>
  <testcase name="getProductNameAndPrice" time="65.393" classname="com.qa.flipkart.FlipkartAuto"/>
  <testcase name="selectPriceRange" time="16.109" classname="com.qa.flipkart.FlipkartAuto"/>
</testsuite> <!-- Test -->
