<?xml version="1.0" encoding="UTF-8"?>
<testng-results skipped="0" failed="0" ignored="5" total="6" passed="1">
  <reporter-output>
  </reporter-output>
  <suite name="Default suite" duration-ms="68140" started-at="2020-11-20T15:54:11Z" finished-at="2020-11-20T15:55:19Z">
    <groups>
    </groups>
    <test name="Default test" duration-ms="68140" started-at="2020-11-20T15:54:11Z" finished-at="2020-11-20T15:55:19Z">
      <class name="com.qa.flipkart.FlipkartAuto">
        <test-method status="PASS" signature="setUp()[pri:0, instance:com.qa.flipkart.FlipkartAuto@14acaea5]" name="setUp" is-config="true" duration-ms="18013" started-at="2020-11-20T15:54:11Z" finished-at="2020-11-20T15:54:29Z">
          <reporter-output>
          </reporter-output>
        </test-method> <!-- setUp -->
        <test-method status="PASS" signature="addToCartProduct()[pri:0, instance:com.qa.flipkart.FlipkartAuto@14acaea5]" name="addToCartProduct" duration-ms="48623" started-at="2020-11-20T15:54:29Z" finished-at="2020-11-20T15:55:18Z">
          <reporter-output>
          </reporter-output>
        </test-method> <!-- addToCartProduct -->
        <test-method status="PASS" signature="tearDown()[pri:0, instance:com.qa.flipkart.FlipkartAuto@14acaea5]" name="tearDown" is-config="true" duration-ms="1397" started-at="2020-11-20T15:55:18Z" finished-at="2020-11-20T15:55:19Z">
          <reporter-output>
          </reporter-output>
        </test-method> <!-- tearDown -->
      </class> <!-- com.qa.flipkart.FlipkartAuto -->
    </test> <!-- Default test -->
  </suite> <!-- Default suite -->
</testng-results>
